[2021-02-10 11:37:05,253][asyncio][ERROR] - Future exception was never retrieved
future: <Future finished exception=KeyError("('<styreman.mechanism.Descriptor object at 0x7f01d34-596e6b3fbfeaa26ca6bdbb8610d2658b', 121)")>
Traceback (most recent call last):
  File "/home/jonasver/anaconda3/envs/komorebi-develop/lib/python3.7/site-packages/distributed/client.py", line 1833, in _gather
    quiet_exceptions=AllExit,
  File "/home/jonasver/anaconda3/envs/komorebi-develop/lib/python3.7/site-packages/distributed/utils.py", line 230, in All
    result = await tasks.next()
  File "/home/jonasver/anaconda3/envs/komorebi-develop/lib/python3.7/site-packages/distributed/client.py", line 1822, in wait
    st = self.futures[k]
KeyError: "('<styreman.mechanism.Descriptor object at 0x7f01d34-596e6b3fbfeaa26ca6bdbb8610d2658b', 105)"

During handling of the above exception, another exception occurred:

Traceback (most recent call last):
  File "/home/jonasver/anaconda3/envs/komorebi-develop/lib/python3.7/site-packages/tornado/gen.py", line 742, in run
    yielded = self.gen.throw(*exc_info)  # type: ignore
  File "/home/jonasver/anaconda3/envs/komorebi-develop/lib/python3.7/site-packages/distributed/utils.py", line 243, in quiet
    yield task
  File "/home/jonasver/anaconda3/envs/komorebi-develop/lib/python3.7/site-packages/tornado/gen.py", line 735, in run
    value = future.result()
  File "/home/jonasver/anaconda3/envs/komorebi-develop/lib/python3.7/site-packages/distributed/client.py", line 1822, in wait
    st = self.futures[k]
KeyError: "('<styreman.mechanism.Descriptor object at 0x7f01d34-596e6b3fbfeaa26ca6bdbb8610d2658b', 121)"
